TN:
SF:/home/atrombetone/Projetos/bradesco/PistaArquitetura/dojo-clean-architecture/src/polyfills.ts
FNF:0
FNH:0
LF:0
LH:0
BRF:0
BRH:0
end_of_record
TN:
SF:/home/atrombetone/Projetos/bradesco/PistaArquitetura/dojo-clean-architecture/src/test.ts
FNF:0
FNH:0
DA:13,1
DA:18,1
DA:20,1
LF:3
LH:3
BRF:0
BRH:0
end_of_record
TN:
SF:/home/atrombetone/Projetos/bradesco/PistaArquitetura/dojo-clean-architecture/src/app/app.component.ts
FN:14,(anonymous_0)
FNF:1
FNH:1
FNDA:2,(anonymous_0)
DA:8,1
DA:10,2
LF:2
LH:2
BRF:0
BRH:0
end_of_record
TN:
SF:/home/atrombetone/Projetos/bradesco/PistaArquitetura/dojo-clean-architecture/src/app/presenters/pages/employees/employees.component.ts
FN:10,(anonymous_0)
FN:12,(anonymous_1)
FNF:2
FNH:2
FNDA:1,(anonymous_0)
FNDA:1,(anonymous_1)
DA:8,1
LF:1
LH:1
BRF:0
BRH:0
end_of_record
TN:
SF:/home/atrombetone/Projetos/bradesco/PistaArquitetura/dojo-clean-architecture/src/app/presenters/pages/home/home.component.ts
FN:10,(anonymous_0)
FN:12,(anonymous_1)
FNF:2
FNH:2
FNDA:1,(anonymous_0)
FNDA:1,(anonymous_1)
DA:8,1
LF:1
LH:1
BRF:0
BRH:0
end_of_record
TN:
SF:/home/atrombetone/Projetos/bradesco/PistaArquitetura/dojo-clean-architecture/src/app/presenters/pages/products/products.component.ts
FN:10,(anonymous_0)
FN:12,(anonymous_1)
FNF:2
FNH:2
FNDA:1,(anonymous_0)
FNDA:1,(anonymous_1)
DA:8,1
LF:1
LH:1
BRF:0
BRH:0
end_of_record
