TN:
SF:/home/atrombetone/Projetos/bradesco/PistaArquitetura/dojo-clean-architecture/src/polyfills.ts
FNF:0
FNH:0
LF:0
LH:0
BRF:0
BRH:0
end_of_record
TN:
SF:/home/atrombetone/Projetos/bradesco/PistaArquitetura/dojo-clean-architecture/src/test.ts
FNF:0
FNH:0
DA:13,1
DA:18,1
DA:20,1
LF:3
LH:3
BRF:0
BRH:0
end_of_record
TN:
SF:/home/atrombetone/Projetos/bradesco/PistaArquitetura/dojo-clean-architecture/src/app/app.component.ts
FN:14,(anonymous_0)
FNF:1
FNH:1
FNDA:2,(anonymous_0)
DA:8,1
DA:10,2
LF:2
LH:2
BRF:0
BRH:0
end_of_record
TN:
SF:/home/atrombetone/Projetos/bradesco/PistaArquitetura/dojo-clean-architecture/src/app/common/parser/json-parser.ts
FN:1,(anonymous_0)
FNF:1
FNH:1
FNDA:4,(anonymous_0)
DA:1,1
DA:2,4
DA:3,4
DA:5,3
LF:4
LH:4
BRF:0
BRH:0
end_of_record
TN:
SF:/home/atrombetone/Projetos/bradesco/PistaArquitetura/dojo-clean-architecture/src/app/core/domain/enum/document-type.enum.ts
FN:1,(anonymous_0)
FNF:1
FNH:1
FNDA:1,(anonymous_0)
DA:1,1
DA:2,1
DA:3,1
LF:3
LH:3
BRDA:1,0,0,1
BRDA:1,0,1,1
BRF:2
BRH:2
end_of_record
TN:
SF:/home/atrombetone/Projetos/bradesco/PistaArquitetura/dojo-clean-architecture/src/app/core/domain/enum/index.ts
FNF:0
FNH:0
LF:0
LH:0
BRF:0
BRH:0
end_of_record
TN:
SF:/home/atrombetone/Projetos/bradesco/PistaArquitetura/dojo-clean-architecture/src/app/core/domain/enum/request-states.enum.ts
FN:1,(anonymous_0)
FNF:1
FNH:1
FNDA:1,(anonymous_0)
DA:1,1
DA:2,1
DA:3,1
LF:3
LH:3
BRDA:1,0,0,1
BRDA:1,0,1,1
BRF:2
BRH:2
end_of_record
TN:
SF:/home/atrombetone/Projetos/bradesco/PistaArquitetura/dojo-clean-architecture/src/app/core/domain/enum/test/index.ts
FNF:0
FNH:0
LF:0
LH:0
BRF:0
BRH:0
end_of_record
TN:
SF:/home/atrombetone/Projetos/bradesco/PistaArquitetura/dojo-clean-architecture/src/app/core/domain/enum/test/mock-document-type.enum.ts
FN:4,(anonymous_0)
FNF:1
FNH:1
FNDA:6,(anonymous_0)
DA:4,1
DA:5,6
DA:6,6
LF:3
LH:3
BRF:0
BRH:0
end_of_record
TN:
SF:/home/atrombetone/Projetos/bradesco/PistaArquitetura/dojo-clean-architecture/src/app/core/domain/enum/test/mock-request-status.enum.ts
FN:4,(anonymous_0)
FNF:1
FNH:1
FNDA:2,(anonymous_0)
DA:4,1
DA:5,2
DA:6,2
LF:3
LH:3
BRF:0
BRH:0
end_of_record
TN:
SF:/home/atrombetone/Projetos/bradesco/PistaArquitetura/dojo-clean-architecture/src/app/core/domain/errors/index.ts
FNF:0
FNH:0
LF:0
LH:0
BRF:0
BRH:0
end_of_record
TN:
SF:/home/atrombetone/Projetos/bradesco/PistaArquitetura/dojo-clean-architecture/src/app/core/domain/errors/invalid-request-number-error.ts
FN:2,(anonymous_0)
FNF:1
FNH:1
FNDA:2,(anonymous_0)
DA:3,2
DA:4,2
LF:2
LH:2
BRF:0
BRH:0
end_of_record
TN:
SF:/home/atrombetone/Projetos/bradesco/PistaArquitetura/dojo-clean-architecture/src/app/core/domain/errors/unexpected-error.ts
FN:2,(anonymous_0)
FNF:1
FNH:1
FNDA:8,(anonymous_0)
DA:3,8
DA:4,8
LF:2
LH:2
BRF:0
BRH:0
end_of_record
TN:
SF:/home/atrombetone/Projetos/bradesco/PistaArquitetura/dojo-clean-architecture/src/app/core/domain/test/index.ts
FNF:0
FNH:0
LF:0
LH:0
BRF:0
BRH:0
end_of_record
TN:
SF:/home/atrombetone/Projetos/bradesco/PistaArquitetura/dojo-clean-architecture/src/app/core/domain/test/mock-benefit.ts
FN:6,(anonymous_0)
FN:12,(anonymous_1)
FNF:2
FNH:2
FNDA:6,(anonymous_0)
FNDA:2,(anonymous_1)
DA:6,6
DA:12,2
LF:2
LH:2
BRF:0
BRH:0
end_of_record
TN:
SF:/home/atrombetone/Projetos/bradesco/PistaArquitetura/dojo-clean-architecture/src/app/core/domain/test/mock-branch.ts
FN:5,(anonymous_0)
FNF:1
FNH:1
FNDA:6,(anonymous_0)
DA:5,6
LF:1
LH:1
BRF:0
BRH:0
end_of_record
TN:
SF:/home/atrombetone/Projetos/bradesco/PistaArquitetura/dojo-clean-architecture/src/app/core/domain/test/mock-employee.ts
FN:4,(anonymous_0)
FN:11,(anonymous_1)
FNF:2
FNH:2
FNDA:12,(anonymous_0)
FNDA:2,(anonymous_1)
DA:4,12
DA:11,2
LF:2
LH:2
BRF:0
BRH:0
end_of_record
TN:
SF:/home/atrombetone/Projetos/bradesco/PistaArquitetura/dojo-clean-architecture/src/app/core/domain/test/mock-request-detail.ts
FN:6,(anonymous_0)
FNF:1
FNH:1
FNDA:2,(anonymous_0)
DA:6,2
LF:1
LH:1
BRF:0
BRH:0
end_of_record
TN:
SF:/home/atrombetone/Projetos/bradesco/PistaArquitetura/dojo-clean-architecture/src/app/core/usecases/employee/get-employees-usecase-interactor.ts
FN:10,(anonymous_0)
FN:12,(anonymous_1)
FNF:2
FNH:2
FNDA:2,(anonymous_0)
FNDA:2,(anonymous_1)
DA:10,2
DA:13,2
LF:2
LH:2
BRF:0
BRH:0
end_of_record
TN:
SF:/home/atrombetone/Projetos/bradesco/PistaArquitetura/dojo-clean-architecture/src/app/core/usecases/request/get-request-detail-usecase-interactor.ts
FN:10,(anonymous_0)
FN:12,(anonymous_1)
FNF:2
FNH:2
FNDA:2,(anonymous_0)
FNDA:2,(anonymous_1)
DA:10,2
DA:13,2
LF:2
LH:2
BRF:0
BRH:0
end_of_record
TN:
SF:/home/atrombetone/Projetos/bradesco/PistaArquitetura/dojo-clean-architecture/src/app/core/usecases/test/index.ts
FNF:0
FNH:0
LF:0
LH:0
BRF:0
BRH:0
end_of_record
TN:
SF:/home/atrombetone/Projetos/bradesco/PistaArquitetura/dojo-clean-architecture/src/app/core/usecases/test/mock-get-employees-usecase.ts
FN:6,(anonymous_0)
FNF:1
FNH:1
FNDA:1,(anonymous_0)
DA:7,1
LF:1
LH:1
BRF:0
BRH:0
end_of_record
TN:
SF:/home/atrombetone/Projetos/bradesco/PistaArquitetura/dojo-clean-architecture/src/app/core/usecases/test/mock-get-request-detail-usecase.ts
FN:6,(anonymous_0)
FNF:1
FNH:1
FNDA:1,(anonymous_0)
DA:7,1
LF:1
LH:1
BRF:0
BRH:0
end_of_record
TN:
SF:/home/atrombetone/Projetos/bradesco/PistaArquitetura/dojo-clean-architecture/src/app/infra/http/angular-http-client/angular-http-client.ts
FN:12,(anonymous_0)
FN:18,(anonymous_1)
FN:19,(anonymous_3)
FN:23,(anonymous_4)
FN:27,(anonymous_5)
FN:35,(anonymous_6)
FN:36,(anonymous_8)
FN:40,(anonymous_9)
FN:44,(anonymous_10)
FN:52,(anonymous_11)
FN:59,(anonymous_12)
FNF:11
FNH:5
FNDA:1,(anonymous_0)
FNDA:1,(anonymous_1)
FNDA:1,(anonymous_3)
FNDA:1,(anonymous_4)
FNDA:0,(anonymous_5)
FNDA:0,(anonymous_6)
FNDA:0,(anonymous_8)
FNDA:0,(anonymous_9)
FNDA:0,(anonymous_10)
FNDA:1,(anonymous_11)
FNDA:0,(anonymous_12)
DA:10,1
DA:12,1
DA:14,1
DA:19,1
DA:20,1
DA:21,1
DA:24,1
DA:25,1
DA:28,0
DA:32,1
DA:36,0
DA:37,0
DA:41,0
DA:42,0
DA:45,0
DA:49,0
DA:53,1
DA:60,0
LF:18
LH:10
BRF:0
BRH:0
end_of_record
TN:
SF:/home/atrombetone/Projetos/bradesco/PistaArquitetura/dojo-clean-architecture/src/app/infra/http/axios-http-client/axios-http-client.ts
FN:7,(anonymous_0)
FN:9,(anonymous_1)
FN:19,(anonymous_3)
FN:29,(anonymous_5)
FNF:4
FNH:3
FNDA:3,(anonymous_0)
FNDA:0,(anonymous_1)
FNDA:3,(anonymous_3)
FNDA:3,(anonymous_5)
DA:7,3
DA:11,0
DA:12,0
DA:14,0
DA:16,0
DA:21,3
DA:22,3
DA:24,1
DA:26,3
DA:30,3
LF:10
LH:6
BRDA:7,0,0,3
BRF:1
BRH:1
end_of_record
TN:
SF:/home/atrombetone/Projetos/bradesco/PistaArquitetura/dojo-clean-architecture/src/app/infra/http/axios-http-client/index.ts
FNF:0
FNH:0
LF:0
LH:0
BRF:0
BRH:0
end_of_record
TN:
SF:/home/atrombetone/Projetos/bradesco/PistaArquitetura/dojo-clean-architecture/src/app/presenters/components/benefit-list/benefit-list.component.ts
FN:13,(anonymous_0)
FNF:1
FNH:1
FNDA:1,(anonymous_0)
DA:9,1
DA:11,1
LF:2
LH:2
BRF:0
BRH:0
end_of_record
TN:
SF:/home/atrombetone/Projetos/bradesco/PistaArquitetura/dojo-clean-architecture/src/app/providers/protocols/http/http-response.ts
FN:1,(anonymous_0)
FNF:1
FNH:1
FNDA:1,(anonymous_0)
DA:1,1
DA:2,1
DA:3,1
DA:4,1
DA:5,1
DA:6,1
DA:7,1
DA:8,1
LF:8
LH:8
BRDA:1,0,0,1
BRDA:1,0,1,1
BRF:2
BRH:2
end_of_record
TN:
SF:/home/atrombetone/Projetos/bradesco/PistaArquitetura/dojo-clean-architecture/src/app/providers/protocols/http/index.ts
FNF:0
FNH:0
LF:0
LH:0
BRF:0
BRH:0
end_of_record
TN:
SF:/home/atrombetone/Projetos/bradesco/PistaArquitetura/dojo-clean-architecture/src/app/providers/test/async-exception-capture-helper.ts
FN:3,(anonymous_0)
FN:3,(anonymous_1)
FNF:2
FNH:2
FNDA:5,(anonymous_0)
FNDA:5,(anonymous_1)
DA:3,5
DA:5,5
DA:6,5
DA:7,5
DA:9,5
DA:11,5
LF:6
LH:6
BRF:0
BRH:0
end_of_record
TN:
SF:/home/atrombetone/Projetos/bradesco/PistaArquitetura/dojo-clean-architecture/src/app/providers/test/index.ts
FNF:0
FNH:0
LF:0
LH:0
BRF:0
BRH:0
end_of_record
TN:
SF:/home/atrombetone/Projetos/bradesco/PistaArquitetura/dojo-clean-architecture/src/app/providers/test/mock-http.ts
FN:4,(anonymous_0)
FN:9,(anonymous_1)
FN:15,(anonymous_2)
FN:22,(anonymous_3)
FN:29,(anonymous_5)
FN:36,(anonymous_6)
FNF:6
FNH:3
FNDA:0,(anonymous_0)
FNDA:4,(anonymous_1)
FNDA:0,(anonymous_2)
FNDA:0,(anonymous_3)
FNDA:11,(anonymous_5)
FNDA:11,(anonymous_6)
DA:4,1
DA:9,4
DA:18,0
DA:23,0
DA:24,0
DA:25,0
DA:32,11
DA:37,11
DA:38,11
DA:39,11
LF:10
LH:6
BRF:0
BRH:0
end_of_record
TN:
SF:/home/atrombetone/Projetos/bradesco/PistaArquitetura/dojo-clean-architecture/src/app/providers/usecases/network/employee/get-employees-service-provider.ts
FN:12,(anonymous_0)
FN:13,(anonymous_1)
FN:14,(anonymous_2)
FN:17,(anonymous_3)
FN:22,(anonymous_4)
FN:37,(anonymous_6)
FNF:6
FNH:6
FNDA:2,(anonymous_0)
FNDA:1,(anonymous_1)
FNDA:1,(anonymous_2)
FNDA:5,(anonymous_3)
FNDA:5,(anonymous_4)
FNDA:5,(anonymous_6)
DA:11,1
DA:12,2
DA:13,1
DA:14,1
DA:18,5
DA:19,5
DA:23,5
DA:26,5
DA:28,5
DA:30,5
DA:31,1
DA:34,4
DA:38,5
LF:13
LH:13
BRDA:30,0,0,1
BRDA:30,0,1,4
BRF:2
BRH:2
end_of_record
TN:
SF:/home/atrombetone/Projetos/bradesco/PistaArquitetura/dojo-clean-architecture/src/app/providers/usecases/network/request/empty-request-detail.model.ts
FN:4,(anonymous_0)
FNF:1
FNH:1
FNDA:2,(anonymous_0)
DA:4,2
LF:1
LH:1
BRF:0
BRH:0
end_of_record
TN:
SF:/home/atrombetone/Projetos/bradesco/PistaArquitetura/dojo-clean-architecture/src/app/providers/usecases/network/request/get-request-detail-service-provider.ts
FN:18,(anonymous_0)
FN:19,(anonymous_1)
FN:20,(anonymous_2)
FN:23,(anonymous_3)
FN:28,(anonymous_4)
FN:42,(anonymous_6)
FN:49,(anonymous_7)
FNF:7
FNH:7
FNDA:2,(anonymous_0)
FNDA:1,(anonymous_1)
FNDA:1,(anonymous_2)
FNDA:6,(anonymous_3)
FNDA:6,(anonymous_4)
FNDA:6,(anonymous_6)
FNDA:6,(anonymous_7)
DA:17,1
DA:18,2
DA:19,1
DA:20,1
DA:24,6
DA:25,6
DA:29,6
DA:31,6
DA:33,6
DA:35,6
DA:36,2
DA:39,4
DA:43,6
DA:50,6
LF:14
LH:14
BRDA:35,0,0,2
BRDA:35,0,1,4
BRF:2
BRH:2
end_of_record
